[WARNING] - META - TOKENIZER_NAME: mrm8488/t5-base-finetuned-wikiSQL
[WARNING] - META - MODEL_NAME: mrm8488/t5-base-finetuned-wikiSQL
[WARNING] - META - MODEL_NAME: mrm8488/t5-base-finetuned-wikiSQL
[WARNING] - META - TOKENIZER_NAME: mrm8488/t5-base-finetuned-wikiSQL
[WARNING] - META - MAX_INPUT_LENGTH: 256
[WARNING] - META - MAX_OUTPUT_LENGTH: 576
[WARNING] - META - TRAIN_BATCH_SIZE: 128
[WARNING] - META - EVAL_BATCH_SIZE: 256
[WARNING] - META - EPOCHS: 5
[WARNING] - META - LEARNING_RATE: 0.001
[WARNING] - META - EPSILON: 1e-08
[WARNING] - META - RANDOM_SEED: 42
[WARNING] - META - MAX_GRAD_NORM: 1.0
[WARNING] - META - OPTIMIZER: AdamW
[WARNING] - META - LR_SCHEDULER: LinearWarmup
[WARNING] - META - FREEZE_ENCODER: True
[WARNING] - META - FREEZE_EMBEDDINGS: True

[WARNING] - META - TOKENIZER_NAME: mrm8488/t5-base-finetuned-wikiSQL
[WARNING] - META - MODEL_NAME: mrm8488/t5-base-finetuned-wikiSQL
[WARNING] - META - MODEL_NAME: mrm8488/t5-base-finetuned-wikiSQL
[WARNING] - META - TOKENIZER_NAME: mrm8488/t5-base-finetuned-wikiSQL
[WARNING] - META - MAX_INPUT_LENGTH: 256
[WARNING] - META - MAX_OUTPUT_LENGTH: 576
[WARNING] - META - TRAIN_BATCH_SIZE: 128
[WARNING] - META - EVAL_BATCH_SIZE: 256
[WARNING] - META - EPOCHS: 5
[WARNING] - META - LEARNING_RATE: 0.001
[WARNING] - META - EPSILON: 1e-08
[WARNING] - META - RANDOM_SEED: 42
[WARNING] - META - MAX_GRAD_NORM: 1.0
[WARNING] - META - OPTIMIZER: AdamW
[WARNING] - META - LR_SCHEDULER: LinearWarmup
[WARNING] - META - FREEZE_ENCODER: True
[WARNING] - META - FREEZE_EMBEDDINGS: True

[WARNING] - META - TOKENIZER_NAME: mrm8488/t5-base-finetuned-wikiSQL
[WARNING] - META - MODEL_NAME: mrm8488/t5-base-finetuned-wikiSQL
[WARNING] - META - MODEL_NAME: mrm8488/t5-base-finetuned-wikiSQL
[WARNING] - META - TOKENIZER_NAME: mrm8488/t5-base-finetuned-wikiSQL
[WARNING] - META - MAX_INPUT_LENGTH: 256
[WARNING] - META - MAX_OUTPUT_LENGTH: 576
[WARNING] - META - TRAIN_BATCH_SIZE: 128
[WARNING] - META - EVAL_BATCH_SIZE: 256
[WARNING] - META - EPOCHS: 5
[WARNING] - META - LEARNING_RATE: 0.001
[WARNING] - META - EPSILON: 1e-08
[WARNING] - META - RANDOM_SEED: 42
[WARNING] - META - MAX_GRAD_NORM: 1.0
[WARNING] - META - OPTIMIZER: AdamW
[WARNING] - META - LR_SCHEDULER: LinearWarmup
[WARNING] - META - FREEZE_ENCODER: True
[WARNING] - META - FREEZE_EMBEDDINGS: True

[WARNING] - META - TOKENIZER_NAME: mrm8488/t5-base-finetuned-wikiSQL
[WARNING] - META - MODEL_NAME: mrm8488/t5-base-finetuned-wikiSQL
[WARNING] - META - MODEL_NAME: mrm8488/t5-base-finetuned-wikiSQL
[WARNING] - META - TOKENIZER_NAME: mrm8488/t5-base-finetuned-wikiSQL
[WARNING] - META - MAX_INPUT_LENGTH: 256
[WARNING] - META - MAX_OUTPUT_LENGTH: 576
[WARNING] - META - TRAIN_BATCH_SIZE: 128
[WARNING] - META - EVAL_BATCH_SIZE: 256
[WARNING] - META - EPOCHS: 5
[WARNING] - META - LEARNING_RATE: 0.001
[WARNING] - META - EPSILON: 1e-08
[WARNING] - META - RANDOM_SEED: 42
[WARNING] - META - MAX_GRAD_NORM: 1.0
[WARNING] - META - OPTIMIZER: AdamW
[WARNING] - META - LR_SCHEDULER: LinearWarmup
[WARNING] - META - FREEZE_ENCODER: True
[WARNING] - META - FREEZE_EMBEDDINGS: True

[WARNING] - META - TOKENIZER_NAME: mrm8488/t5-base-finetuned-wikiSQL
[WARNING] - META - MODEL_NAME: mrm8488/t5-base-finetuned-wikiSQL
[WARNING] - META - MODEL_NAME: mrm8488/t5-base-finetuned-wikiSQL
[WARNING] - META - TOKENIZER_NAME: mrm8488/t5-base-finetuned-wikiSQL
[WARNING] - META - MAX_INPUT_LENGTH: 256
[WARNING] - META - MAX_OUTPUT_LENGTH: 576
[WARNING] - META - TRAIN_BATCH_SIZE: 128
[WARNING] - META - EVAL_BATCH_SIZE: 256
[WARNING] - META - EPOCHS: 5
[WARNING] - META - LEARNING_RATE: 0.001
[WARNING] - META - EPSILON: 1e-08
[WARNING] - META - RANDOM_SEED: 42
[WARNING] - META - MAX_GRAD_NORM: 1.0
[WARNING] - META - OPTIMIZER: AdamW
[WARNING] - META - LR_SCHEDULER: LinearWarmup
[WARNING] - META - FREEZE_ENCODER: True
[WARNING] - META - FREEZE_EMBEDDINGS: True

